[Thu Jan 24 20:51:20 2013] [info] Listening at "http://*:3000".
[Thu Jan 24 20:51:28 2013] [debug] Your secret passphrase needs to be changed!!!
[Thu Jan 24 20:51:28 2013] [debug] GET / (Mozilla/5.0 (Macintosh; Intel Mac OS X 10_7_5) AppleWebKit/537.17 (KHTML, like Gecko) Chrome/24.0.1312.52 Safari/537.17).
[Thu Jan 24 20:51:28 2013] [debug] Routing to controller "MottoIdea::Web::Example" and action "welcome".
[Thu Jan 24 20:51:28 2013] [debug] Rendering template "example/welcome.html.ep".
[Thu Jan 24 20:51:28 2013] [debug] Rendering template "layouts/default.html.ep".
[Thu Jan 24 20:51:28 2013] [debug] 200 OK (0.027732s, 36.059/s).
[Thu Jan 24 20:54:53 2013] [debug] Your secret passphrase needs to be changed!!!
[Thu Jan 24 20:54:53 2013] [debug] GET / (Mozilla/5.0 (Macintosh; Intel Mac OS X 10_7_5) AppleWebKit/537.17 (KHTML, like Gecko) Chrome/24.0.1312.52 Safari/537.17).
[Thu Jan 24 20:54:53 2013] [error] "use" not allowed in expression at /Users/luckypool/workspace/luckypool-git/perl/mixi-hot-idea/motto_idea_web/script/../lib/MottoIdea/Web/Root.pm line 2, at end of line
syntax error at /Users/luckypool/workspace/luckypool-git/perl/mixi-hot-idea/motto_idea_web/script/../lib/MottoIdea/Web/Root.pm line 2, near "example#welcomeckage Nopaste::Web::Root;
use Mojo::Base "
Compilation failed in require at (eval 252) line 1.

[Thu Jan 24 20:54:53 2013] [debug] Template "exception.development.html.ep" not found.
[Thu Jan 24 20:54:53 2013] [debug] Template "exception.html.ep" not found.
[Thu Jan 24 20:54:53 2013] [debug] Rendering inline template.
[Thu Jan 24 20:54:53 2013] [debug] Rendering inline template.
[Thu Jan 24 20:54:53 2013] [debug] 500 Internal Server Error (0.053978s, 18.526/s).
[Thu Jan 24 23:14:15 2013] [debug] GET / (Mozilla/5.0 (Macintosh; Intel Mac OS X 10_7_5) AppleWebKit/537.17 (KHTML, like Gecko) Chrome/24.0.1312.52 Safari/537.17).
[Thu Jan 24 23:14:15 2013] [error] Attempt to reload MottoIdea/Web/Root.pm aborted.
Compilation failed in require at (eval 255) line 1.

[Thu Jan 24 23:14:15 2013] [debug] Template "exception.development.html.ep" not found.
[Thu Jan 24 23:14:15 2013] [debug] Template "exception.html.ep" not found.
[Thu Jan 24 23:14:15 2013] [debug] Rendering cached inline template.
[Thu Jan 24 23:14:15 2013] [debug] Rendering cached inline template.
[Thu Jan 24 23:14:15 2013] [debug] 500 Internal Server Error (0.100969s, 9.904/s).
[Thu Jan 24 23:14:49 2013] [debug] Your secret passphrase needs to be changed!!!
[Thu Jan 24 23:14:49 2013] [debug] GET / (Mozilla/5.0 (Macintosh; Intel Mac OS X 10_7_5) AppleWebKit/537.17 (KHTML, like Gecko) Chrome/24.0.1312.52 Safari/537.17).
[Thu Jan 24 23:14:49 2013] [debug] Routing to controller "MottoIdea::Web::Root" and action "index".
[Thu Jan 24 23:14:49 2013] [debug] Rendering template "root/index.html.ep".
[Thu Jan 24 23:14:49 2013] [debug] Rendering template "layouts/default.html.ep".
[Thu Jan 24 23:14:49 2013] [debug] 200 OK (0.033671s, 29.699/s).
[Thu Jan 24 23:37:41 2013] [debug] GET / (Mozilla/5.0 (Macintosh; Intel Mac OS X 10_7_5) AppleWebKit/537.17 (KHTML, like Gecko) Chrome/24.0.1312.52 Safari/537.17).
[Thu Jan 24 23:37:41 2013] [debug] Routing to controller "MottoIdea::Web::Root" and action "index".
[Thu Jan 24 23:37:41 2013] [debug] Rendering cached template root/index.html.ep.
[Thu Jan 24 23:37:41 2013] [debug] Rendering cached template layouts/default.html.ep.
[Thu Jan 24 23:37:41 2013] [debug] 200 OK (0.001286s, 777.605/s).
[Thu Jan 24 23:37:47 2013] [info] Listening at "http://*:3000".
[Thu Jan 24 23:37:51 2013] [debug] Your secret passphrase needs to be changed!!!
[Thu Jan 24 23:37:51 2013] [debug] GET / (Mozilla/5.0 (Macintosh; Intel Mac OS X 10_7_5) AppleWebKit/537.17 (KHTML, like Gecko) Chrome/24.0.1312.52 Safari/537.17).
[Thu Jan 24 23:37:51 2013] [debug] Routing to controller "MottoIdea::Web::Root" and action "index".
[Thu Jan 24 23:37:51 2013] [debug] Rendering template "root/index.html.ep".
[Thu Jan 24 23:37:51 2013] [debug] Rendering template "layouts/default.html.ep".
[Thu Jan 24 23:37:51 2013] [debug] 200 OK (0.061820s, 16.176/s).
[Thu Jan 24 23:37:53 2013] [debug] GET / (Mozilla/5.0 (Macintosh; Intel Mac OS X 10_7_5) AppleWebKit/537.17 (KHTML, like Gecko) Chrome/24.0.1312.52 Safari/537.17).
[Thu Jan 24 23:37:53 2013] [debug] Routing to controller "MottoIdea::Web::Root" and action "index".
[Thu Jan 24 23:37:53 2013] [debug] Rendering cached template root/index.html.ep.
[Thu Jan 24 23:37:53 2013] [debug] Rendering cached template layouts/default.html.ep.
[Thu Jan 24 23:37:53 2013] [debug] 200 OK (0.002016s, 496.032/s).
[Thu Jan 24 23:38:32 2013] [debug] POST / (Mozilla/5.0 (Macintosh; Intel Mac OS X 10_7_5) AppleWebKit/537.17 (KHTML, like Gecko) Chrome/24.0.1312.52 Safari/537.17).
[Thu Jan 24 23:38:32 2013] [debug] Routing to controller "MottoIdea::Web::Root" and action "post".
[Thu Jan 24 23:38:32 2013] [debug] Rendering template "root/index.html.ep".
[Thu Jan 24 23:38:32 2013] [debug] Rendering template "layouts/default.html.ep".
[Thu Jan 24 23:38:32 2013] [debug] 200 OK (0.013050s, 76.628/s).
[Thu Jan 24 23:45:46 2013] [debug] Reading config file "/Users/luckypool/workspace/luckypool-git/perl/mixi-hot-idea/motto_idea_web/mottoidea.conf".
[Thu Jan 24 23:46:13 2013] [debug] Reading config file "/Users/luckypool/workspace/luckypool-git/perl/mixi-hot-idea/motto_idea_web/mottoidea.conf".
[Thu Jan 24 23:46:31 2013] [debug] Reading config file "/Users/luckypool/workspace/luckypool-git/perl/mixi-hot-idea/motto_idea_web/mottoidea.conf".
[Thu Jan 24 23:47:09 2013] [debug] Reading config file "/Users/luckypool/workspace/luckypool-git/perl/mixi-hot-idea/motto_idea_web/mottoidea.conf".
[Thu Jan 24 23:48:48 2013] [debug] Reading config file "/Users/luckypool/workspace/luckypool-git/perl/mixi-hot-idea/motto_idea_web/mottoidea.conf".
[Thu Jan 24 23:50:35 2013] [debug] Reading config file "/Users/luckypool/workspace/luckypool-git/perl/mixi-hot-idea/motto_idea_web/mottoidea.conf".
[Thu Jan 24 23:50:39 2013] [debug] Reading config file "/Users/luckypool/workspace/luckypool-git/perl/mixi-hot-idea/motto_idea_web/mottoidea.conf".
[Thu Jan 24 23:50:39 2013] [info] Listening at "http://*:3000".
[Thu Jan 24 23:50:41 2013] [debug] Your secret passphrase needs to be changed!!!
[Thu Jan 24 23:50:41 2013] [debug] GET / (Mozilla/5.0 (Macintosh; Intel Mac OS X 10_7_5) AppleWebKit/537.17 (KHTML, like Gecko) Chrome/24.0.1312.52 Safari/537.17).
[Thu Jan 24 23:50:42 2013] [debug] Routing to controller "MottoIdea::Web::Root" and action "index".
[Thu Jan 24 23:50:42 2013] [debug] Rendering template "root/index.html.ep".
[Thu Jan 24 23:50:42 2013] [debug] Rendering template "layouts/default.html.ep".
[Thu Jan 24 23:50:42 2013] [debug] 200 OK (0.085510s, 11.695/s).
[Thu Jan 24 23:50:44 2013] [debug] POST / (Mozilla/5.0 (Macintosh; Intel Mac OS X 10_7_5) AppleWebKit/537.17 (KHTML, like Gecko) Chrome/24.0.1312.52 Safari/537.17).
[Thu Jan 24 23:50:44 2013] [debug] Routing to controller "MottoIdea::Web::Root" and action "post".
[Thu Jan 24 23:50:44 2013] [debug] Rendering template "root/index.html.ep".
[Thu Jan 24 23:50:44 2013] [debug] Rendering template "layouts/default.html.ep".
[Thu Jan 24 23:50:44 2013] [debug] 200 OK (0.014709s, 67.986/s).
[Thu Jan 24 23:50:48 2013] [debug] POST / (Mozilla/5.0 (Macintosh; Intel Mac OS X 10_7_5) AppleWebKit/537.17 (KHTML, like Gecko) Chrome/24.0.1312.52 Safari/537.17).
[Thu Jan 24 23:50:48 2013] [debug] Routing to controller "MottoIdea::Web::Root" and action "post".
[Thu Jan 24 23:50:48 2013] [error] Can't locate object method "new" via package "MottoIdea::DB" (perhaps you forgot to load "MottoIdea::DB"?) at /Users/luckypool/workspace/luckypool-git/perl/mixi-hot-idea/motto_idea_web/script/../lib/MottoIdea/Web.pm line 9.

[Thu Jan 24 23:50:48 2013] [debug] Template "exception.development.html.ep" not found.
[Thu Jan 24 23:50:48 2013] [debug] Template "exception.html.ep" not found.
[Thu Jan 24 23:50:48 2013] [debug] Rendering inline template.
[Thu Jan 24 23:50:48 2013] [debug] Rendering inline template.
[Thu Jan 24 23:50:48 2013] [debug] 500 Internal Server Error (0.052770s, 18.950/s).
[Thu Jan 24 23:51:12 2013] [debug] Reading config file "/Users/luckypool/workspace/luckypool-git/perl/mixi-hot-idea/motto_idea_web/mottoidea.conf".
[Thu Jan 24 23:51:18 2013] [debug] Your secret passphrase needs to be changed!!!
[Thu Jan 24 23:51:18 2013] [debug] POST / (Mozilla/5.0 (Macintosh; Intel Mac OS X 10_7_5) AppleWebKit/537.17 (KHTML, like Gecko) Chrome/24.0.1312.52 Safari/537.17).
[Thu Jan 24 23:51:18 2013] [debug] Routing to controller "MottoIdea::Web::Root" and action "post".
[Thu Jan 24 23:51:18 2013] [error] DBI connect('mottoidea','root',...) failed: Access denied for user 'root'@'localhost' (using password: NO) at /Users/luckypool/.perlbrew/perls/perl-5.14.2/lib/site_perl/5.14.2/DBIx/Skinny.pm line 209.

[Thu Jan 24 23:51:18 2013] [debug] Template "exception.development.html.ep" not found.
[Thu Jan 24 23:51:18 2013] [debug] Template "exception.html.ep" not found.
[Thu Jan 24 23:51:18 2013] [debug] Rendering inline template.
[Thu Jan 24 23:51:18 2013] [debug] Rendering inline template.
[Thu Jan 24 23:51:18 2013] [debug] 500 Internal Server Error (0.126431s, 7.909/s).
[Thu Jan 24 23:51:57 2013] [debug] POST / (Mozilla/5.0 (Macintosh; Intel Mac OS X 10_7_5) AppleWebKit/537.17 (KHTML, like Gecko) Chrome/24.0.1312.52 Safari/537.17).
[Thu Jan 24 23:51:57 2013] [debug] Routing to controller "MottoIdea::Web::Root" and action "post".
[Thu Jan 24 23:51:57 2013] [debug] 302 Found (0.020574s, 48.605/s).
[Thu Jan 24 23:51:57 2013] [debug] GET /paste/knwEmjVm4hGU8G8sbkoxEw (Mozilla/5.0 (Macintosh; Intel Mac OS X 10_7_5) AppleWebKit/537.17 (KHTML, like Gecko) Chrome/24.0.1312.52 Safari/537.17).
[Thu Jan 24 23:51:57 2013] [debug] Routing to controller "MottoIdea::Web::Root" and action "entry".
[Thu Jan 24 23:51:57 2013] [debug] Rendering template "root/entry.html.ep".
[Thu Jan 24 23:51:57 2013] [debug] Rendering template "layouts/default.html.ep".
[Thu Jan 24 23:51:57 2013] [debug] 200 OK (0.071506s, 13.985/s).
[Thu Jan 24 23:52:15 2013] [debug] GET / (Mozilla/5.0 (Macintosh; Intel Mac OS X 10_7_5) AppleWebKit/537.17 (KHTML, like Gecko) Chrome/24.0.1312.52 Safari/537.17).
[Thu Jan 24 23:52:15 2013] [debug] Routing to controller "MottoIdea::Web::Root" and action "index".
[Thu Jan 24 23:52:15 2013] [debug] Rendering template "root/index.html.ep".
[Thu Jan 24 23:52:15 2013] [debug] Rendering template "layouts/default.html.ep".
[Thu Jan 24 23:52:15 2013] [debug] 200 OK (0.008194s, 122.041/s).
[Thu Jan 24 23:52:33 2013] [debug] POST / (Mozilla/5.0 (Macintosh; Intel Mac OS X 10_7_5) AppleWebKit/537.17 (KHTML, like Gecko) Chrome/24.0.1312.52 Safari/537.17).
[Thu Jan 24 23:52:33 2013] [debug] Routing to controller "MottoIdea::Web::Root" and action "post".
[Thu Jan 24 23:52:33 2013] [debug] 302 Found (0.005079s, 196.889/s).
[Thu Jan 24 23:52:33 2013] [debug] GET /paste/4tRprzVm4hGU8G8sbkoxEw (Mozilla/5.0 (Macintosh; Intel Mac OS X 10_7_5) AppleWebKit/537.17 (KHTML, like Gecko) Chrome/24.0.1312.52 Safari/537.17).
[Thu Jan 24 23:52:33 2013] [debug] Routing to controller "MottoIdea::Web::Root" and action "entry".
[Thu Jan 24 23:52:33 2013] [debug] Rendering cached template root/entry.html.ep.
[Thu Jan 24 23:52:33 2013] [debug] Rendering cached template layouts/default.html.ep.
[Thu Jan 24 23:52:33 2013] [debug] 200 OK (0.074349s, 13.450/s).
[Thu Jan 24 23:52:43 2013] [debug] GET / (Mozilla/5.0 (Macintosh; Intel Mac OS X 10_7_5) AppleWebKit/537.17 (KHTML, like Gecko) Chrome/24.0.1312.52 Safari/537.17).
[Thu Jan 24 23:52:43 2013] [debug] Routing to controller "MottoIdea::Web::Root" and action "index".
[Thu Jan 24 23:52:43 2013] [debug] Rendering cached template root/index.html.ep.
[Thu Jan 24 23:52:43 2013] [debug] Rendering cached template layouts/default.html.ep.
[Thu Jan 24 23:52:43 2013] [debug] 200 OK (0.002214s, 451.671/s).
[Thu Jan 24 23:52:55 2013] [debug] POST / (Mozilla/5.0 (Macintosh; Intel Mac OS X 10_7_5) AppleWebKit/537.17 (KHTML, like Gecko) Chrome/24.0.1312.52 Safari/537.17).
[Thu Jan 24 23:52:55 2013] [debug] Routing to controller "MottoIdea::Web::Root" and action "post".
[Thu Jan 24 23:52:55 2013] [debug] 302 Found (0.005157s, 193.911/s).
[Thu Jan 24 23:52:55 2013] [debug] GET /paste/tHKSvDVm4hGU8G8sbkoxEw (Mozilla/5.0 (Macintosh; Intel Mac OS X 10_7_5) AppleWebKit/537.17 (KHTML, like Gecko) Chrome/24.0.1312.52 Safari/537.17).
[Thu Jan 24 23:52:55 2013] [debug] Routing to controller "MottoIdea::Web::Root" and action "entry".
[Thu Jan 24 23:52:55 2013] [debug] Rendering cached template root/entry.html.ep.
[Thu Jan 24 23:52:55 2013] [debug] Rendering cached template layouts/default.html.ep.
[Thu Jan 24 23:52:55 2013] [debug] 200 OK (0.052321s, 19.113/s).
